2016-09-13 19:09:42.738  INFO 17800 --- [main] s.c.a.AnnotationConfigApplicationContext : Refreshing org.springframework.context.annotation.AnnotationConfigApplicationContext@7bb60dcf: startup date [Tue Sep 13 19:09:42 IST 2016]; root of context hierarchy
2016-09-13 19:09:42.912  INFO 17800 --- [main] f.a.AutowiredAnnotationBeanPostProcessor : JSR-330 'javax.inject.Inject' annotation found and supported for autowiring
2016-09-13 19:09:42.930  INFO 17800 --- [main] trationDelegate$BeanPostProcessorChecker : Bean 'configurationPropertiesRebinderAutoConfiguration' of type [class org.springframework.cloud.autoconfigure.ConfigurationPropertiesRebinderAutoConfiguration$$EnhancerBySpringCGLIB$$e13dc31] is not eligible for getting processed by all BeanPostProcessors (for example: not eligible for auto-proxying)
2016-09-13 19:09:43.641  INFO 17800 --- [main] c.c.c.ConfigServicePropertySourceLocator : Fetching config from server at: http://localhost:8888
2016-09-13 19:09:44.735  WARN 17800 --- [main] c.c.c.ConfigServicePropertySourceLocator : Could not locate PropertySource: I/O error on GET request for "http://localhost:8888/plm-webportal-ms/development-cloud": Connection refused: connect; nested exception is java.net.ConnectException: Connection refused: connect
2016-09-13 19:09:44.738  INFO 17800 --- [main] c.jci.portal.PlmWebportalMsApplication   : The following profiles are active: development-cloud
2016-09-13 19:09:44.747  INFO 17800 --- [main] ationConfigEmbeddedWebApplicationContext : Refreshing org.springframework.boot.context.embedded.AnnotationConfigEmbeddedWebApplicationContext@3b015058: startup date [Tue Sep 13 19:09:44 IST 2016]; parent: org.springframework.context.annotation.AnnotationConfigApplicationContext@7bb60dcf
2016-09-13 19:09:45.709  WARN 17800 --- [main] o.s.c.a.ConfigurationClassPostProcessor  : Cannot enhance @Configuration bean definition 'refreshScope' since its singleton instance has been created too early. The typical cause is a non-static @Bean method with a BeanDefinitionRegistryPostProcessor return type: Consider declaring such methods as 'static'.
2016-09-13 19:09:45.821  INFO 17800 --- [main] o.s.cloud.context.scope.GenericScope     : BeanFactory id=1cde75e9-54f9-3ce7-b9db-8931a658eb50
2016-09-13 19:09:45.836  INFO 17800 --- [main] f.a.AutowiredAnnotationBeanPostProcessor : JSR-330 'javax.inject.Inject' annotation found and supported for autowiring
2016-09-13 19:09:45.990  INFO 17800 --- [main] trationDelegate$BeanPostProcessorChecker : Bean 'org.springframework.cloud.netflix.metrics.MetricsInterceptorConfiguration$MetricsRestTemplateConfiguration' of type [class org.springframework.cloud.netflix.metrics.MetricsInterceptorConfiguration$MetricsRestTemplateConfiguration$$EnhancerBySpringCGLIB$$24267f75] is not eligible for getting processed by all BeanPostProcessors (for example: not eligible for auto-proxying)
2016-09-13 19:09:46.000  INFO 17800 --- [main] trationDelegate$BeanPostProcessorChecker : Bean 'org.springframework.cloud.autoconfigure.ConfigurationPropertiesRebinderAutoConfiguration' of type [class org.springframework.cloud.autoconfigure.ConfigurationPropertiesRebinderAutoConfiguration$$EnhancerBySpringCGLIB$$e13dc31] is not eligible for getting processed by all BeanPostProcessors (for example: not eligible for auto-proxying)
2016-09-13 19:09:46.011  INFO 17800 --- [main] trationDelegate$BeanPostProcessorChecker : Bean 'org.springframework.cloud.autoconfigure.RefreshEndpointAutoConfiguration' of type [class org.springframework.cloud.autoconfigure.RefreshEndpointAutoConfiguration$$EnhancerBySpringCGLIB$$b772de27] is not eligible for getting processed by all BeanPostProcessors (for example: not eligible for auto-proxying)
2016-09-13 19:09:46.515  INFO 17800 --- [main] s.b.c.e.t.TomcatEmbeddedServletContainer : Tomcat initialized with port(s): 8009 (http)
2016-09-13 19:09:46.606  INFO 17800 --- [localhost-startStop-1] o.s.web.context.ContextLoader            : Root WebApplicationContext: initialization completed in 1859 ms
2016-09-13 19:09:46.953  INFO 17800 --- [localhost-startStop-1] o.s.b.c.e.ServletRegistrationBean        : Mapping servlet: 'dispatcherServlet' to [/]
2016-09-13 19:09:46.961  INFO 17800 --- [localhost-startStop-1] o.s.b.c.embedded.FilterRegistrationBean  : Mapping filter: 'metricFilter' to: [/*]
2016-09-13 19:09:46.964  INFO 17800 --- [localhost-startStop-1] o.s.b.c.embedded.FilterRegistrationBean  : Mapping filter: 'characterEncodingFilter' to: [/*]
2016-09-13 19:09:46.967  INFO 17800 --- [localhost-startStop-1] o.s.b.c.embedded.FilterRegistrationBean  : Mapping filter: 'hiddenHttpMethodFilter' to: [/*]
2016-09-13 19:09:46.971  INFO 17800 --- [localhost-startStop-1] o.s.b.c.embedded.FilterRegistrationBean  : Mapping filter: 'httpPutFormContentFilter' to: [/*]
2016-09-13 19:09:46.974  INFO 17800 --- [localhost-startStop-1] o.s.b.c.embedded.FilterRegistrationBean  : Mapping filter: 'requestContextFilter' to: [/*]
2016-09-13 19:09:46.976  INFO 17800 --- [localhost-startStop-1] o.s.b.c.embedded.FilterRegistrationBean  : Mapping filter: 'webRequestLoggingFilter' to: [/*]
2016-09-13 19:09:46.979  INFO 17800 --- [localhost-startStop-1] o.s.b.c.embedded.FilterRegistrationBean  : Mapping filter: 'applicationContextIdFilter' to: [/*]
2016-09-13 19:09:47.865  INFO 17800 --- [main] s.w.s.m.m.a.RequestMappingHandlerAdapter : Looking for @ControllerAdvice: org.springframework.boot.context.embedded.AnnotationConfigEmbeddedWebApplicationContext@3b015058: startup date [Tue Sep 13 19:09:44 IST 2016]; parent: org.springframework.context.annotation.AnnotationConfigApplicationContext@7bb60dcf
2016-09-13 19:09:47.950  INFO 17800 --- [main] s.w.s.m.m.a.RequestMappingHandlerMapping : Mapped "{[/reprocessWebportalXML],methods=[POST]}" onto public boolean com.jci.portal.controller.PLMWebPortalController.reprocessWebportalXML(javax.servlet.http.HttpServletRequest)
2016-09-13 19:09:47.956  INFO 17800 --- [main] s.w.s.m.m.a.RequestMappingHandlerMapping : Mapped "{[/getMiscRecords],methods=[POST]}" onto public com.jci.portal.domain.MiscTableEntity com.jci.portal.controller.PLMWebPortalController.getMiscRecords()
2016-09-13 19:09:47.959  INFO 17800 --- [main] s.w.s.m.m.a.RequestMappingHandlerMapping : Mapped "{[/downloadXML],methods=[GET],produces=[text/xml]}" onto public org.springframework.http.ResponseEntity<org.springframework.core.io.FileSystemResource> com.jci.portal.controller.PLMWebPortalController.downloadXML(java.lang.String,java.lang.String,javax.servlet.http.HttpServletResponse) throws java.io.IOException
2016-09-13 19:09:47.963  INFO 17800 --- [main] s.w.s.m.m.a.RequestMappingHandlerMapping : Mapped "{[/getPLMDetails],methods=[POST]}" onto public com.jci.portal.domain.PLMDetailsResponse com.jci.portal.controller.PLMWebPortalController.getPLMDetails(com.jci.portal.domain.PLMRequestParam)
2016-09-13 19:09:47.968  INFO 17800 --- [main] s.w.s.m.m.a.RequestMappingHandlerMapping : Mapped "{[/error]}" onto public org.springframework.http.ResponseEntity<java.util.Map<java.lang.String, java.lang.Object>> org.springframework.boot.autoconfigure.web.BasicErrorController.error(javax.servlet.http.HttpServletRequest)
2016-09-13 19:09:47.971  INFO 17800 --- [main] s.w.s.m.m.a.RequestMappingHandlerMapping : Mapped "{[/error],produces=[text/html]}" onto public org.springframework.web.servlet.ModelAndView org.springframework.boot.autoconfigure.web.BasicErrorController.errorHtml(javax.servlet.http.HttpServletRequest,javax.servlet.http.HttpServletResponse)
2016-09-13 19:09:47.981  INFO 17800 --- [main] o.s.w.s.c.a.WebMvcConfigurerAdapter      : Adding welcome page: class path resource [static/index.html]
2016-09-13 19:09:47.996  INFO 17800 --- [main] o.s.w.s.handler.SimpleUrlHandlerMapping  : Root mapping to handler of type [class org.springframework.web.servlet.mvc.ParameterizableViewController]
2016-09-13 19:09:48.015  INFO 17800 --- [main] o.s.w.s.handler.SimpleUrlHandlerMapping  : Mapped URL path [/webjars/**] onto handler of type [class org.springframework.web.servlet.resource.ResourceHttpRequestHandler]
2016-09-13 19:09:48.017  INFO 17800 --- [main] o.s.w.s.handler.SimpleUrlHandlerMapping  : Mapped URL path [/**] onto handler of type [class org.springframework.web.servlet.resource.ResourceHttpRequestHandler]
2016-09-13 19:09:48.063  INFO 17800 --- [main] o.s.w.s.handler.SimpleUrlHandlerMapping  : Mapped URL path [/**/favicon.ico] onto handler of type [class org.springframework.web.servlet.resource.ResourceHttpRequestHandler]
2016-09-13 19:09:48.813  INFO 17800 --- [main] o.s.b.a.e.mvc.EndpointHandlerMapping     : Mapped "{[/features || /features.json],methods=[GET],produces=[application/json]}" onto public java.lang.Object org.springframework.boot.actuate.endpoint.mvc.EndpointMvcAdapter.invoke()
2016-09-13 19:09:48.816  INFO 17800 --- [main] o.s.b.a.e.mvc.EndpointHandlerMapping     : Mapped "{[/mappings || /mappings.json],methods=[GET],produces=[application/json]}" onto public java.lang.Object org.springframework.boot.actuate.endpoint.mvc.EndpointMvcAdapter.invoke()
2016-09-13 19:09:48.820  INFO 17800 --- [main] o.s.b.a.e.mvc.EndpointHandlerMapping     : Mapped "{[/refresh || /refresh.json],methods=[POST]}" onto public java.lang.Object org.springframework.cloud.endpoint.GenericPostableMvcEndpoint.invoke()
2016-09-13 19:09:48.826  INFO 17800 --- [main] o.s.b.a.e.mvc.EndpointHandlerMapping     : Mapped "{[/dump || /dump.json],methods=[GET],produces=[application/json]}" onto public java.lang.Object org.springframework.boot.actuate.endpoint.mvc.EndpointMvcAdapter.invoke()
2016-09-13 19:09:48.829  INFO 17800 --- [main] o.s.b.a.e.mvc.EndpointHandlerMapping     : Mapped "{[/logfile || /logfile.json],methods=[GET || HEAD]}" onto public void org.springframework.boot.actuate.endpoint.mvc.LogFileMvcEndpoint.invoke(javax.servlet.http.HttpServletRequest,javax.servlet.http.HttpServletResponse) throws javax.servlet.ServletException,java.io.IOException
2016-09-13 19:09:48.834  INFO 17800 --- [main] o.s.b.a.e.mvc.EndpointHandlerMapping     : Mapped "{[/restart || /restart.json],methods=[POST]}" onto public java.lang.Object org.springframework.cloud.context.restart.RestartMvcEndpoint.invoke()
2016-09-13 19:09:48.837  INFO 17800 --- [main] o.s.b.a.e.mvc.EndpointHandlerMapping     : Mapped "{[/resume || /resume.json],methods=[POST]}" onto public java.lang.Object org.springframework.cloud.endpoint.GenericPostableMvcEndpoint.invoke()
2016-09-13 19:09:48.840  INFO 17800 --- [main] o.s.b.a.e.mvc.EndpointHandlerMapping     : Mapped "{[/health || /health.json],produces=[application/json]}" onto public java.lang.Object org.springframework.boot.actuate.endpoint.mvc.HealthMvcEndpoint.invoke(java.security.Principal)
2016-09-13 19:09:48.844  INFO 17800 --- [main] o.s.b.a.e.mvc.EndpointHandlerMapping     : Mapped "{[/env],methods=[POST]}" onto public java.lang.Object org.springframework.cloud.context.environment.EnvironmentManagerMvcEndpoint.value(java.util.Map<java.lang.String, java.lang.String>)
2016-09-13 19:09:48.847  INFO 17800 --- [main] o.s.b.a.e.mvc.EndpointHandlerMapping     : Mapped "{[/env/reset],methods=[POST]}" onto public java.util.Map<java.lang.String, java.lang.Object> org.springframework.cloud.context.environment.EnvironmentManagerMvcEndpoint.reset()
2016-09-13 19:09:48.850  INFO 17800 --- [main] o.s.b.a.e.mvc.EndpointHandlerMapping     : Mapped "{[/configprops || /configprops.json],methods=[GET],produces=[application/json]}" onto public java.lang.Object org.springframework.boot.actuate.endpoint.mvc.EndpointMvcAdapter.invoke()
2016-09-13 19:09:48.854  INFO 17800 --- [main] o.s.b.a.e.mvc.EndpointHandlerMapping     : Mapped "{[/archaius || /archaius.json],methods=[GET],produces=[application/json]}" onto public java.lang.Object org.springframework.boot.actuate.endpoint.mvc.EndpointMvcAdapter.invoke()
2016-09-13 19:09:48.858  INFO 17800 --- [main] o.s.b.a.e.mvc.EndpointHandlerMapping     : Mapped "{[/metrics/{name:.*}],methods=[GET],produces=[application/json]}" onto public java.lang.Object org.springframework.boot.actuate.endpoint.mvc.MetricsMvcEndpoint.value(java.lang.String)
2016-09-13 19:09:48.861  INFO 17800 --- [main] o.s.b.a.e.mvc.EndpointHandlerMapping     : Mapped "{[/metrics || /metrics.json],methods=[GET],produces=[application/json]}" onto public java.lang.Object org.springframework.boot.actuate.endpoint.mvc.EndpointMvcAdapter.invoke()
2016-09-13 19:09:48.865  INFO 17800 --- [main] o.s.b.a.e.mvc.EndpointHandlerMapping     : Mapped "{[/pause || /pause.json],methods=[POST]}" onto public java.lang.Object org.springframework.cloud.endpoint.GenericPostableMvcEndpoint.invoke()
2016-09-13 19:09:48.869  INFO 17800 --- [main] o.s.b.a.e.mvc.EndpointHandlerMapping     : Mapped "{[/autoconfig || /autoconfig.json],methods=[GET],produces=[application/json]}" onto public java.lang.Object org.springframework.boot.actuate.endpoint.mvc.EndpointMvcAdapter.invoke()
2016-09-13 19:09:48.872  INFO 17800 --- [main] o.s.b.a.e.mvc.EndpointHandlerMapping     : Mapped "{[/beans || /beans.json],methods=[GET],produces=[application/json]}" onto public java.lang.Object org.springframework.boot.actuate.endpoint.mvc.EndpointMvcAdapter.invoke()
2016-09-13 19:09:48.876  INFO 17800 --- [main] o.s.b.a.e.mvc.EndpointHandlerMapping     : Mapped "{[/info || /info.json],methods=[GET],produces=[application/json]}" onto public java.lang.Object org.springframework.boot.actuate.endpoint.mvc.EndpointMvcAdapter.invoke()
2016-09-13 19:09:48.879  INFO 17800 --- [main] o.s.b.a.e.mvc.EndpointHandlerMapping     : Mapped "{[/env/{name:.*}],methods=[GET],produces=[application/json]}" onto public java.lang.Object org.springframework.boot.actuate.endpoint.mvc.EnvironmentMvcEndpoint.value(java.lang.String)
2016-09-13 19:09:48.882  INFO 17800 --- [main] o.s.b.a.e.mvc.EndpointHandlerMapping     : Mapped "{[/env || /env.json],methods=[GET],produces=[application/json]}" onto public java.lang.Object org.springframework.boot.actuate.endpoint.mvc.EndpointMvcAdapter.invoke()
2016-09-13 19:09:48.885  INFO 17800 --- [main] o.s.b.a.e.mvc.EndpointHandlerMapping     : Mapped "{[/trace || /trace.json],methods=[GET],produces=[application/json]}" onto public java.lang.Object org.springframework.boot.actuate.endpoint.mvc.EndpointMvcAdapter.invoke()
2016-09-13 19:09:49.002  INFO 17800 --- [main] o.s.ui.freemarker.SpringTemplateLoader   : SpringTemplateLoader for FreeMarker: using resource loader [org.springframework.boot.context.embedded.AnnotationConfigEmbeddedWebApplicationContext@3b015058: startup date [Tue Sep 13 19:09:44 IST 2016]; parent: org.springframework.context.annotation.AnnotationConfigApplicationContext@7bb60dcf] and template loader path [classpath:/templates/]
2016-09-13 19:09:49.007  INFO 17800 --- [main] o.s.w.s.v.f.FreeMarkerConfigurer         : ClassTemplateLoader for Spring macros added to FreeMarker configuration
2016-09-13 19:09:49.075  WARN 17800 --- [main] c.n.c.sources.URLConfigurationSource     : No URLs will be polled as dynamic configuration sources.
2016-09-13 19:09:49.078  INFO 17800 --- [main] c.n.c.sources.URLConfigurationSource     : To enable URLs as dynamic configuration sources, define System property archaius.configurationSource.additionalUrls or make config.properties available on classpath.
2016-09-13 19:09:49.090  WARN 17800 --- [main] c.n.c.sources.URLConfigurationSource     : No URLs will be polled as dynamic configuration sources.
2016-09-13 19:09:49.092  INFO 17800 --- [main] c.n.c.sources.URLConfigurationSource     : To enable URLs as dynamic configuration sources, define System property archaius.configurationSource.additionalUrls or make config.properties available on classpath.
2016-09-13 19:09:49.151  INFO 17800 --- [main] o.s.j.e.a.AnnotationMBeanExporter        : Registering beans for JMX exposure on startup
2016-09-13 19:09:49.163  INFO 17800 --- [main] o.s.j.e.a.AnnotationMBeanExporter        : Bean with name 'refreshScope' has been autodetected for JMX exposure
2016-09-13 19:09:49.167  INFO 17800 --- [main] o.s.j.e.a.AnnotationMBeanExporter        : Bean with name 'environmentManager' has been autodetected for JMX exposure
2016-09-13 19:09:49.172  INFO 17800 --- [main] o.s.j.e.a.AnnotationMBeanExporter        : Bean with name 'configurationPropertiesRebinder' has been autodetected for JMX exposure
2016-09-13 19:09:49.176  INFO 17800 --- [main] o.s.j.e.a.AnnotationMBeanExporter        : Bean with name 'refreshEndpoint' has been autodetected for JMX exposure
2016-09-13 19:09:49.180  INFO 17800 --- [main] o.s.j.e.a.AnnotationMBeanExporter        : Bean with name 'restartEndpoint' has been autodetected for JMX exposure
2016-09-13 19:09:49.186  INFO 17800 --- [main] o.s.j.e.a.AnnotationMBeanExporter        : Located managed bean 'environmentManager': registering with JMX server as MBean [org.springframework.cloud.context.environment:name=environmentManager,type=EnvironmentManager]
2016-09-13 19:09:49.200  INFO 17800 --- [main] o.s.j.e.a.AnnotationMBeanExporter        : Located managed bean 'restartEndpoint': registering with JMX server as MBean [org.springframework.cloud.context.restart:name=restartEndpoint,type=RestartEndpoint]
2016-09-13 19:09:49.210  INFO 17800 --- [main] o.s.j.e.a.AnnotationMBeanExporter        : Located managed bean 'refreshScope': registering with JMX server as MBean [org.springframework.cloud.context.scope.refresh:name=refreshScope,type=RefreshScope]
2016-09-13 19:09:49.219  INFO 17800 --- [main] o.s.j.e.a.AnnotationMBeanExporter        : Located managed bean 'configurationPropertiesRebinder': registering with JMX server as MBean [org.springframework.cloud.context.properties:name=configurationPropertiesRebinder,context=3b015058,type=ConfigurationPropertiesRebinder]
2016-09-13 19:09:49.229  INFO 17800 --- [main] o.s.j.e.a.AnnotationMBeanExporter        : Located managed bean 'refreshEndpoint': registering with JMX server as MBean [org.springframework.cloud.endpoint:name=refreshEndpoint,type=RefreshEndpoint]
2016-09-13 19:09:49.377  INFO 17800 --- [main] o.s.c.support.DefaultLifecycleProcessor  : Starting beans in phase 0
2016-09-13 19:09:49.391  INFO 17800 --- [main] o.s.c.n.eureka.InstanceInfoFactory       : Setting initial instance status as: STARTING
2016-09-13 19:09:49.450  INFO 17800 --- [main] com.netflix.discovery.DiscoveryClient    : Initializing Eureka in region us-east-1
2016-09-13 19:09:49.568  INFO 17800 --- [main] c.n.d.provider.DiscoveryJerseyProvider   : Using JSON encoding codec LegacyJacksonJson
2016-09-13 19:09:49.571  INFO 17800 --- [main] c.n.d.provider.DiscoveryJerseyProvider   : Using JSON decoding codec LegacyJacksonJson
2016-09-13 19:09:49.660  INFO 17800 --- [main] c.n.d.provider.DiscoveryJerseyProvider   : Using XML encoding codec XStreamXml
2016-09-13 19:09:49.663  INFO 17800 --- [main] c.n.d.provider.DiscoveryJerseyProvider   : Using XML decoding codec XStreamXml
2016-09-13 19:09:49.831  INFO 17800 --- [main] c.n.d.s.r.aws.ConfigClusterResolver      : Resolving eureka endpoints via configuration
2016-09-13 19:09:50.089  INFO 17800 --- [main] com.netflix.discovery.DiscoveryClient    : Disable delta property : false
2016-09-13 19:09:50.092  INFO 17800 --- [main] com.netflix.discovery.DiscoveryClient    : Single vip registry refresh property : null
2016-09-13 19:09:50.095  INFO 17800 --- [main] com.netflix.discovery.DiscoveryClient    : Force full registry fetch : false
2016-09-13 19:09:50.098  INFO 17800 --- [main] com.netflix.discovery.DiscoveryClient    : Application is null : false
2016-09-13 19:09:50.101  INFO 17800 --- [main] com.netflix.discovery.DiscoveryClient    : Registered Applications size is zero : true
2016-09-13 19:09:50.104  INFO 17800 --- [main] com.netflix.discovery.DiscoveryClient    : Application version is -1: true
2016-09-13 19:09:50.108  INFO 17800 --- [main] com.netflix.discovery.DiscoveryClient    : Getting all instance registry info from the eureka server
2016-09-13 19:09:50.231  INFO 17800 --- [main] com.netflix.discovery.DiscoveryClient    : The response status is 200
2016-09-13 19:09:50.235  INFO 17800 --- [main] com.netflix.discovery.DiscoveryClient    : Starting heartbeat executor: renew interval is: 30
2016-09-13 19:09:50.240  INFO 17800 --- [main] c.n.discovery.InstanceInfoReplicator     : InstanceInfoReplicator onDemand update allowed rate per min is 4
2016-09-13 19:09:50.245  INFO 17800 --- [main] com.netflix.discovery.DiscoveryClient    : Discovery Client initialized at timestamp 1473773990245 with initial instances count: 1
2016-09-13 19:09:50.270  INFO 17800 --- [main] c.n.e.EurekaDiscoveryClientConfiguration : Registering application plm-webportal-ms with eureka with status UP
2016-09-13 19:09:50.274  INFO 17800 --- [main] com.netflix.discovery.DiscoveryClient    : Saw local status change event StatusChangeEvent [timestamp=1473773990274, current=UP, previous=STARTING]
2016-09-13 19:09:50.280  INFO 17800 --- [DiscoveryClient-InstanceInfoReplicator-0] com.netflix.discovery.DiscoveryClient    : DiscoveryClient_PLM-WEBPORTAL-MS/M2330338.asia.jci.com:plm-webportal-ms:8009: registering service...
2016-09-13 19:09:50.324  INFO 17800 --- [DiscoveryClient-InstanceInfoReplicator-0] com.netflix.discovery.DiscoveryClient    : DiscoveryClient_PLM-WEBPORTAL-MS/M2330338.asia.jci.com:plm-webportal-ms:8009 - registration status: 204
2016-09-13 19:09:50.388  INFO 17800 --- [main] s.b.c.e.t.TomcatEmbeddedServletContainer : Tomcat started on port(s): 8009 (http)
2016-09-13 19:09:50.392  INFO 17800 --- [main] c.n.e.EurekaDiscoveryClientConfiguration : Updating port to 8009
2016-09-13 19:09:50.399  INFO 17800 --- [main] c.jci.portal.PlmWebportalMsApplication   : Started PlmWebportalMsApplication in 8.654 seconds (JVM running for 12.677)
2016-09-13 19:21:01.808  INFO 17800 --- [http-nio-8009-exec-1] o.s.web.servlet.DispatcherServlet        : FrameworkServlet 'dispatcherServlet': initialization started
2016-09-13 19:21:01.823  INFO 17800 --- [http-nio-8009-exec-1] o.s.web.servlet.DispatcherServlet        : FrameworkServlet 'dispatcherServlet': initialization completed in 15 ms
2016-09-13 20:33:09.952  INFO 17800 --- [AsyncResolver-bootstrap-executor-0] c.n.d.s.r.aws.ConfigClusterResolver      : Resolving eureka endpoints via configuration
2016-09-14 07:46:27.627  INFO 17800 --- [AsyncResolver-bootstrap-executor-0] c.n.d.s.r.aws.ConfigClusterResolver      : Resolving eureka endpoints via configuration
2016-09-14 09:09:47.846  INFO 17800 --- [AsyncResolver-bootstrap-executor-0] c.n.d.s.r.aws.ConfigClusterResolver      : Resolving eureka endpoints via configuration
2016-09-14 09:40:37.195  INFO 17800 --- [Thread-5] ationConfigEmbeddedWebApplicationContext : Closing org.springframework.boot.context.embedded.AnnotationConfigEmbeddedWebApplicationContext@3b015058: startup date [Tue Sep 13 19:09:44 IST 2016]; parent: org.springframework.context.annotation.AnnotationConfigApplicationContext@7bb60dcf
2016-09-14 09:40:37.199  INFO 17800 --- [Thread-5] c.n.e.EurekaDiscoveryClientConfiguration : Unregistering application plm-webportal-ms with eureka with status DOWN
2016-09-14 09:40:37.201  WARN 17800 --- [Thread-5] com.netflix.discovery.DiscoveryClient    : Saw local status change event StatusChangeEvent [timestamp=1473826237201, current=DOWN, previous=UP]
2016-09-14 09:40:37.206  INFO 17800 --- [DiscoveryClient-InstanceInfoReplicator-0] com.netflix.discovery.DiscoveryClient    : DiscoveryClient_PLM-WEBPORTAL-MS/M2330338.asia.jci.com:plm-webportal-ms:8009: registering service...
2016-09-14 09:40:37.206  INFO 17800 --- [Thread-5] com.netflix.discovery.DiscoveryClient    : Shutting down DiscoveryClient ...
2016-09-14 09:40:37.214  INFO 17800 --- [Thread-5] com.netflix.discovery.DiscoveryClient    : Unregistering ...
2016-09-14 09:40:37.215  INFO 17800 --- [DiscoveryClient-InstanceInfoReplicator-0] com.netflix.discovery.DiscoveryClient    : DiscoveryClient_PLM-WEBPORTAL-MS/M2330338.asia.jci.com:plm-webportal-ms:8009 - registration status: 204
2016-09-14 09:40:37.221  INFO 17800 --- [Thread-5] com.netflix.discovery.DiscoveryClient    : DiscoveryClient_PLM-WEBPORTAL-MS/M2330338.asia.jci.com:plm-webportal-ms:8009 - deregister  status: 200
2016-09-14 09:40:37.226  INFO 17800 --- [Thread-5] com.netflix.discovery.DiscoveryClient    : Completed shut down of DiscoveryClient
2016-09-14 09:40:37.229  INFO 17800 --- [Thread-5] o.s.c.support.DefaultLifecycleProcessor  : Stopping beans in phase 0
2016-09-14 09:40:37.236  INFO 17800 --- [Thread-5] o.s.j.e.a.AnnotationMBeanExporter        : Unregistering JMX-exposed beans on shutdown
2016-09-14 09:40:37.239  INFO 17800 --- [Thread-5] o.s.j.e.a.AnnotationMBeanExporter        : Unregistering JMX-exposed beans
